c:\users\anuwat\source\repos\cshook\debug\cshook.dll
c:\users\anuwat\source\repos\cshook\debug\cshook.pdb
c:\users\anuwat\source\repos\cshook\chookheader\debug\chookheader.pch
c:\users\anuwat\source\repos\cshook\chookheader\debug\vc141.pdb
c:\users\anuwat\source\repos\cshook\chookheader\debug\stdafx.obj
c:\users\anuwat\source\repos\cshook\chookheader\debug\dllmain.obj
c:\users\anuwat\source\repos\cshook\chookheader\debug\chookheader.obj
c:\users\anuwat\source\repos\cshook\chookheader\debug\.netframework,version=4.6.1.assemblyattributes.obj
c:\users\anuwat\source\repos\cshook\chookheader\debug\.netframework,version=4.6.1.assemblyattributes.asm
c:\users\anuwat\source\repos\cshook\debug\chookheader.dll
c:\users\anuwat\source\repos\cshook\debug\chookheader.pdb
c:\users\anuwat\source\repos\cshook\chookheader\debug\chookheader.tlog\metagen.write.1.tlog
c:\users\anuwat\source\repos\cshook\chookheader\debug\chookheader.vcxprojassemblyreference.cache
c:\users\anuwat\source\repos\cshook\chookheader\debug\chookheader.tlog\chookheader.write.1u.tlog
c:\users\anuwat\source\repos\cshook\chookheader\debug\chookheader.tlog\cl.command.1.tlog
c:\users\anuwat\source\repos\cshook\chookheader\debug\chookheader.tlog\cl.read.1.tlog
c:\users\anuwat\source\repos\cshook\chookheader\debug\chookheader.tlog\cl.write.1.tlog
c:\users\anuwat\source\repos\cshook\chookheader\debug\chookheader.tlog\link.command.1.tlog
c:\users\anuwat\source\repos\cshook\chookheader\debug\chookheader.tlog\link.read.1.tlog
c:\users\anuwat\source\repos\cshook\chookheader\debug\chookheader.tlog\link.write.1.tlog
c:\users\anuwat\source\repos\cshook\chookheader\debug\chookheader.tlog\metagen.read.1.tlog
c:\users\anuwat\source\repos\cshook\chookheader\debug\chookheader.tlog\cshook.dll.metagen
